<?xml version="1.0" encoding="UTF-8"?><testsuite name="nosetests" tests="9" errors="0" failures="0" skip="0"><testcase classname="test_calculatorApp.TestCalculate" name="test_AddInvalid" time="0.000"><system-out><![CDATA[Setup .. 
tearDown .. 
]]></system-out></testcase><testcase classname="test_calculatorApp.TestCalculate" name="test_AddPass" time="0.000"><system-out><![CDATA[Setup .. 
tearDown .. 
]]></system-out></testcase><testcase classname="test_calculatorApp.TestCalculate" name="test_AddPassWithMocEx3" time="0.001"><system-out><![CDATA[Setup .. 
tearDown .. 
]]></system-out></testcase><testcase classname="test_calculatorApp.TestCalculate" name="test_AddPassWithMockEx1" time="0.001"><system-out><![CDATA[Setup .. 
tearDown .. 
]]></system-out></testcase><testcase classname="test_calculatorApp.TestCalculate" name="test_AddPassWithMockEx2" time="0.000"><system-out><![CDATA[Setup .. 
tearDown .. 
]]></system-out></testcase><testcase classname="test_calculatorApp.TestCalculate" name="test_DividByZerrorEx1" time="0.001"><system-out><![CDATA[Setup .. 
w input is not a number!
tearDown .. 
]]></system-out></testcase><testcase classname="test_calculatorApp.TestCalculate" name="test_DividByZerrorEx2" time="0.000"><system-out><![CDATA[Setup .. 
w input is not a number!
tearDown .. 
]]></system-out></testcase><testcase classname="test_calculatorApp.TestCalculate" name="test_DividByZerrorRegex" time="0.001"><system-out><![CDATA[Setup .. 
w input is not a number!
tearDown .. 
]]></system-out></testcase><testcase classname="test_calculatorApp.TestCalculateWithoutMock" name="test_AddPass" time="0.000"></testcase></testsuite>